Generated at Thu Oct 17 16:27:34 -0400 2013
RuntimeError: ruby_block[omnibus chef killer] (omnibus_updater::installer line 26) had an error: RuntimeError: New omnibus chef version installed. Killing Chef run!
/home/vh/Downloads/learning-chef/cookbooks/omnibus_updater/recipes/installer.rb:28:in `from_file'
/usr/lib/ruby/vendor_ruby/chef/provider/ruby_block.rb:33:in `call'
/usr/lib/ruby/vendor_ruby/chef/provider/ruby_block.rb:33:in `action_create'
/usr/lib/ruby/vendor_ruby/chef/mixin/why_run.rb:52:in `call'
/usr/lib/ruby/vendor_ruby/chef/mixin/why_run.rb:52:in `add_action'
/usr/lib/ruby/vendor_ruby/chef/provider.rb:152:in `converge_by'
/usr/lib/ruby/vendor_ruby/chef/provider/ruby_block.rb:32:in `action_create'
/usr/lib/ruby/vendor_ruby/chef/provider.rb:115:in `send'
/usr/lib/ruby/vendor_ruby/chef/provider.rb:115:in `run_action'
/usr/lib/ruby/vendor_ruby/chef/resource.rb:597:in `run_action'
/usr/lib/ruby/vendor_ruby/chef/runner.rb:49:in `run_action'
/usr/lib/ruby/vendor_ruby/chef/runner.rb:57:in `run_action'
/usr/lib/ruby/vendor_ruby/chef/runner.rb:55:in `each'
/usr/lib/ruby/vendor_ruby/chef/runner.rb:55:in `run_action'
/usr/lib/ruby/vendor_ruby/chef/runner.rb:89:in `converge'
/usr/lib/ruby/vendor_ruby/chef/runner.rb:85:in `each'
/usr/lib/ruby/vendor_ruby/chef/runner.rb:85:in `converge'
/usr/lib/ruby/vendor_ruby/chef/client.rb:378:in `converge'
/usr/lib/ruby/vendor_ruby/chef/client.rb:420:in `do_run'
/usr/lib/ruby/vendor_ruby/chef/client.rb:176:in `run'
/usr/lib/ruby/vendor_ruby/chef/application.rb:140:in `run_chef_client'
/usr/lib/ruby/vendor_ruby/chef/application/solo.rb:224:in `run_application'
/usr/lib/ruby/vendor_ruby/chef/application/solo.rb:216:in `loop'
/usr/lib/ruby/vendor_ruby/chef/application/solo.rb:216:in `run_application'
/usr/lib/ruby/vendor_ruby/chef/application.rb:72:in `run'
/usr/bin/chef-solo:24